android/build/intermediates/manifest_merge_blame_file/debug/manifest-merger-blame-debug-report.txt
1<?xml version="1.0" encoding="utf-8"?>
2<manifest xmlns:android="http://schemas.android.com/apk/res/android"
3    package="com.capacitorjs.plugins.pushnotifications" >
4
5    <uses-sdk
6        android:minSdkVersion="22"
6-->src/main/AndroidManifest.xml
7        android:targetSdkVersion="32" />
7-->src/main/AndroidManifest.xml
8
9    <application>
9-->src/main/AndroidManifest.xml:4:5-10:19
10        <service
10-->src/main/AndroidManifest.xml:5:9-9:19
11            android:name="com.capacitorjs.plugins.pushnotifications.MessagingService"
11-->src/main/AndroidManifest.xml:5:18-91
12            android:exported="false" >
12-->src/main/AndroidManifest.xml:5:92-116
13            <intent-filter>
13-->src/main/AndroidManifest.xml:6:13-8:29
14                <action android:name="com.google.firebase.MESSAGING_EVENT" />
14-->src/main/AndroidManifest.xml:7:17-78
14-->src/main/AndroidManifest.xml:7:25-75
15            </intent-filter>
16        </service>
17    </application>
18
19</manifest>